â•­â”€â”€â”€â”€â”€â”€â”€â”€â”€â”€â”€â”€â”€â”€â”€â”€â”€â”€â”€â”€â”€â”€â”€â”€â”€â”€â”€â”€â”€â”€â”€â”€â”€â”€â”€â”€â”€â”€â”€â”€â”€â”€â”€â”€â”€â”€â”€â”€â”€â”€â”€â”€â”€â”€â”€â”€â”€â”€â”€â”€â”€â”€â”€ Comparing files: â”€â”€â”€â”€â”€â”€â”€â”€â”€â”€â”€â”€â”€â”€â”€â”€â”€â”€â”€â”€â”€â”€â”€â”€â”€â”€â”€â”€â”€â”€â”€â”€â”€â”€â”€â”€â”€â”€â”€â”€â”€â”€â”€â”€â”€â”€â”€â”€â”€â”€â”€â”€â”€â”€â”€â”€â”€â”€â”€â”€â”€â”€â”€â”€â•®
â”‚ Monitored: tests/performance_ckf.root                                                                                                           â”‚
â”‚ Reference: tests/performance_ckf_main.root                                                                                                      â”‚
â•°â”€â”€â”€â”€â”€â”€â”€â”€â”€â”€â”€â”€â”€â”€â”€â”€â”€â”€â”€â”€â”€â”€â”€â”€â”€â”€â”€â”€â”€â”€â”€â”€â”€â”€â”€â”€â”€â”€â”€â”€â”€â”€â”€â”€â”€â”€â”€â”€â”€â”€â”€â”€â”€â”€â”€â”€â”€â”€â”€â”€â”€â”€â”€â”€â”€â”€â”€â”€â”€â”€â”€â”€â”€â”€â”€â”€â”€â”€â”€â”€â”€â”€â”€â”€â”€â”€â”€â”€â”€â”€â”€â”€â”€â”€â”€â”€â”€â”€â”€â”€â”€â”€â”€â”€â”€â”€â”€â”€â”€â”€â”€â”€â”€â”€â”€â”€â”€â”€â”€â”€â”€â”€â”€â”€â”€â”€â”€â”€â”€â”€â”€â”€â”€â”€â”€â”€â”€â”€â”€â”€â”€â”€â”€â”€â”€â•¯
â•­â”€â”€â”€â”€â”€â”€â”€â”€â”€â”€â”€â”€â”€â”€â”€â”€â”€â”€â”€â”€â”€â”€â”€â”€â”€â”€â”€â”€â”€â”€â”€â”€â”€â”€â”€â”€â”€â”€â”€â”€â”€â”€â”€â”€â”€â”€â”€â”€â”€â”€â”€â”€â”€â”€â”€â”€â”€â”€â”€â”€â”€â”€â”€â”€â”€ Configuration â”€â”€â”€â”€â”€â”€â”€â”€â”€â”€â”€â”€â”€â”€â”€â”€â”€â”€â”€â”€â”€â”€â”€â”€â”€â”€â”€â”€â”€â”€â”€â”€â”€â”€â”€â”€â”€â”€â”€â”€â”€â”€â”€â”€â”€â”€â”€â”€â”€â”€â”€â”€â”€â”€â”€â”€â”€â”€â”€â”€â”€â”€â”€â”€â”€â•®
â”‚ Config(                                                                                                                                         â”‚
â”‚     checks={                                                                                                                                    â”‚
â”‚         '*': {                                                                                                                                  â”‚
â”‚             'Chi2Test': {'threshold': 0.01},                                                                                                    â”‚
â”‚             'KolmogorovTest': {'threshold': 0.68},                                                                                              â”‚
â”‚             'RatioCheck': {'threshold': 3},                                                                                                     â”‚
â”‚             'ResidualCheck': {'threshold': 1},                                                                                                  â”‚
â”‚             'IntegralCheck': {'threshold': 3}                                                                                                   â”‚
â”‚         }                                                                                                                                       â”‚
â”‚     }                                                                                                                                           â”‚
â”‚ )                                                                                                                                               â”‚
â•°â”€â”€â”€â”€â”€â”€â”€â”€â”€â”€â”€â”€â”€â”€â”€â”€â”€â”€â”€â”€â”€â”€â”€â”€â”€â”€â”€â”€â”€â”€â”€â”€â”€â”€â”€â”€â”€â”€â”€â”€â”€â”€â”€â”€â”€â”€â”€â”€â”€â”€â”€â”€â”€â”€â”€â”€â”€â”€â”€â”€â”€â”€â”€â”€â”€â”€â”€â”€â”€â”€â”€â”€â”€â”€â”€â”€â”€â”€â”€â”€â”€â”€â”€â”€â”€â”€â”€â”€â”€â”€â”€â”€â”€â”€â”€â”€â”€â”€â”€â”€â”€â”€â”€â”€â”€â”€â”€â”€â”€â”€â”€â”€â”€â”€â”€â”€â”€â”€â”€â”€â”€â”€â”€â”€â”€â”€â”€â”€â”€â”€â”€â”€â”€â”€â”€â”€â”€â”€â”€â”€â”€â”€â”€â”€â”€â•¯
â”€â”€â”€â”€â”€â”€â”€â”€â”€â”€â”€â”€â”€â”€â”€â”€â”€â”€â”€â”€â”€â”€â”€â”€â”€â”€â”€â”€â”€â”€â”€â”€â”€â”€â”€â”€â”€â”€â”€â”€â”€â”€â”€â”€â”€â”€â”€â”€â”€â”€â”€â”€â”€â”€ duplicationRate_vs_eta (TEfficiency) â”€â”€â”€â”€â”€â”€â”€â”€â”€â”€â”€â”€â”€â”€â”€â”€â”€â”€â”€â”€â”€â”€â”€â”€â”€â”€â”€â”€â”€â”€â”€â”€â”€â”€â”€â”€â”€â”€â”€â”€â”€â”€â”€â”€â”€â”€â”€â”€â”€â”€â”€â”€â”€â”€â”€
ðŸŸ¡ Chi2Test
âœ… KolmogorovTest 1.0 > 0.68
âœ… RatioCheck (a/b - 1) / sigma(a/b) > 3 for 0/20 bins, cf. 4.47213595499958
âœ… ResidualCheck pull < 1 in 40/40 bins, cf. 6.324555320336759
âœ… IntegralTest Intregal: 14.391633245637966+-2.1795991079862436 vs. 14.391633245637966+-2.1795991079862436: (int_a - int_b) / sqrt(sigma(int_a)^2 
+ sigma(int_b)^2) = 0.00 < 3
â”€â”€â”€â”€â”€â”€â”€â”€â”€â”€â”€â”€â”€â”€â”€â”€â”€â”€â”€â”€â”€â”€â”€â”€â”€â”€â”€â”€â”€â”€â”€â”€â”€â”€â”€â”€â”€â”€â”€â”€â”€â”€â”€â”€â”€â”€â”€â”€â”€â”€â”€â”€â”€â”€â”€ duplicationRate_vs_pT (TEfficiency) â”€â”€â”€â”€â”€â”€â”€â”€â”€â”€â”€â”€â”€â”€â”€â”€â”€â”€â”€â”€â”€â”€â”€â”€â”€â”€â”€â”€â”€â”€â”€â”€â”€â”€â”€â”€â”€â”€â”€â”€â”€â”€â”€â”€â”€â”€â”€â”€â”€â”€â”€â”€â”€â”€â”€
âœ… Chi2Test 1.0 > 0.01
âœ… KolmogorovTest 1.0 > 0.68
âœ… RatioCheck (a/b - 1) / sigma(a/b) > 3 for 0/33 bins, cf. 5.744562646538029
âœ… ResidualCheck pull < 1 in 40/40 bins, cf. 6.324555320336759
âœ… IntegralTest Intregal: 30.74828367741717+-2.0771797982949978 vs. 30.74828367741717+-2.0771797982949978: (int_a - int_b) / sqrt(sigma(int_a)^2 + 
sigma(int_b)^2) = 0.00 < 3
â”€â”€â”€â”€â”€â”€â”€â”€â”€â”€â”€â”€â”€â”€â”€â”€â”€â”€â”€â”€â”€â”€â”€â”€â”€â”€â”€â”€â”€â”€â”€â”€â”€â”€â”€â”€â”€â”€â”€â”€â”€â”€â”€â”€â”€â”€â”€â”€â”€â”€â”€â”€â”€â”€ duplicationRate_vs_phi (TEfficiency) â”€â”€â”€â”€â”€â”€â”€â”€â”€â”€â”€â”€â”€â”€â”€â”€â”€â”€â”€â”€â”€â”€â”€â”€â”€â”€â”€â”€â”€â”€â”€â”€â”€â”€â”€â”€â”€â”€â”€â”€â”€â”€â”€â”€â”€â”€â”€â”€â”€â”€â”€â”€â”€â”€â”€
ðŸŸ¡ Chi2Test
âœ… KolmogorovTest 1.0 > 0.68
âœ… RatioCheck (a/b - 1) / sigma(a/b) > 3 for 0/100 bins, cf. 10.0
âœ… ResidualCheck pull < 1 in 100/100 bins, cf. 10.0
âœ… IntegralTest Intregal: 70.64638447881467+-0.08747995604884659 vs. 70.64638447881467+-0.08747995604884659: (int_a - int_b) / sqrt(sigma(int_a)^2 
+ sigma(int_b)^2) = 0.00 < 3
â”€â”€â”€â”€â”€â”€â”€â”€â”€â”€â”€â”€â”€â”€â”€â”€â”€â”€â”€â”€â”€â”€â”€â”€â”€â”€â”€â”€â”€â”€â”€â”€â”€â”€â”€â”€â”€â”€â”€â”€â”€â”€â”€â”€â”€â”€â”€â”€â”€â”€â”€â”€â”€â”€â”€â”€â”€â”€ fakerate_vs_eta (TEfficiency) â”€â”€â”€â”€â”€â”€â”€â”€â”€â”€â”€â”€â”€â”€â”€â”€â”€â”€â”€â”€â”€â”€â”€â”€â”€â”€â”€â”€â”€â”€â”€â”€â”€â”€â”€â”€â”€â”€â”€â”€â”€â”€â”€â”€â”€â”€â”€â”€â”€â”€â”€â”€â”€â”€â”€â”€â”€â”€
ðŸŸ¡ Chi2Test
ðŸŸ¡ KolmogorovTest
ðŸŸ¡ RatioCheck
âœ… ResidualCheck pull < 1 in 40/40 bins, cf. 6.324555320336759
âœ… IntegralTest Intregal: 0.0+-2.1794496613752004 vs. 0.0+-2.1794496613752004: (int_a - int_b) / sqrt(sigma(int_a)^2 + sigma(int_b)^2) = 0.00 < 3
â”€â”€â”€â”€â”€â”€â”€â”€â”€â”€â”€â”€â”€â”€â”€â”€â”€â”€â”€â”€â”€â”€â”€â”€â”€â”€â”€â”€â”€â”€â”€â”€â”€â”€â”€â”€â”€â”€â”€â”€â”€â”€â”€â”€â”€â”€â”€â”€â”€â”€â”€â”€â”€â”€â”€â”€â”€â”€ fakerate_vs_pT (TEfficiency) â”€â”€â”€â”€â”€â”€â”€â”€â”€â”€â”€â”€â”€â”€â”€â”€â”€â”€â”€â”€â”€â”€â”€â”€â”€â”€â”€â”€â”€â”€â”€â”€â”€â”€â”€â”€â”€â”€â”€â”€â”€â”€â”€â”€â”€â”€â”€â”€â”€â”€â”€â”€â”€â”€â”€â”€â”€â”€â”€
ðŸŸ¡ Chi2Test
ðŸŸ¡ KolmogorovTest
ðŸŸ¡ RatioCheck
âœ… ResidualCheck pull < 1 in 40/40 bins, cf. 6.324555320336759
âœ… IntegralTest Intregal: 0.0+-2.0450880771376485 vs. 0.0+-2.0450880771376485: (int_a - int_b) / sqrt(sigma(int_a)^2 + sigma(int_b)^2) = 0.00 < 3
â”€â”€â”€â”€â”€â”€â”€â”€â”€â”€â”€â”€â”€â”€â”€â”€â”€â”€â”€â”€â”€â”€â”€â”€â”€â”€â”€â”€â”€â”€â”€â”€â”€â”€â”€â”€â”€â”€â”€â”€â”€â”€â”€â”€â”€â”€â”€â”€â”€â”€â”€â”€â”€â”€â”€â”€â”€â”€ fakerate_vs_phi (TEfficiency) â”€â”€â”€â”€â”€â”€â”€â”€â”€â”€â”€â”€â”€â”€â”€â”€â”€â”€â”€â”€â”€â”€â”€â”€â”€â”€â”€â”€â”€â”€â”€â”€â”€â”€â”€â”€â”€â”€â”€â”€â”€â”€â”€â”€â”€â”€â”€â”€â”€â”€â”€â”€â”€â”€â”€â”€â”€â”€
ðŸŸ¡ Chi2Test
ðŸŸ¡ KolmogorovTest
ðŸŸ¡ RatioCheck
âœ… ResidualCheck pull < 1 in 100/100 bins, cf. 10.0
âœ… IntegralTest Intregal: 0.0+-0.0033804502047364614 vs. 0.0+-0.0033804502047364614: (int_a - int_b) / sqrt(sigma(int_a)^2 + sigma(int_b)^2) = 0.00
< 3
â”€â”€â”€â”€â”€â”€â”€â”€â”€â”€â”€â”€â”€â”€â”€â”€â”€â”€â”€â”€â”€â”€â”€â”€â”€â”€â”€â”€â”€â”€â”€â”€â”€â”€â”€â”€â”€â”€â”€â”€â”€â”€â”€â”€â”€â”€â”€â”€â”€â”€â”€â”€â”€â”€â”€â”€â”€â”€ nDuplicated_vs_eta (TProfile) â”€â”€â”€â”€â”€â”€â”€â”€â”€â”€â”€â”€â”€â”€â”€â”€â”€â”€â”€â”€â”€â”€â”€â”€â”€â”€â”€â”€â”€â”€â”€â”€â”€â”€â”€â”€â”€â”€â”€â”€â”€â”€â”€â”€â”€â”€â”€â”€â”€â”€â”€â”€â”€â”€â”€â”€â”€â”€
âœ… Chi2Test 1.0 > 0.01
âœ… KolmogorovTest 1.0 > 0.68
âœ… RatioCheck (a/b - 1) / sigma(a/b) > 3 for 0/20 bins, cf. 4.47213595499958
âœ… ResidualCheck pull < 1 in 40/40 bins, cf. 6.324555320336759
âœ… IntegralTest Intregal: 52.618353666609764+-0.19112402761711028 vs. 52.618353666609764+-0.19112402761711028: (int_a - int_b) / 
sqrt(sigma(int_a)^2 + sigma(int_b)^2) = 0.00 < 3
â”€â”€â”€â”€â”€â”€â”€â”€â”€â”€â”€â”€â”€â”€â”€â”€â”€â”€â”€â”€â”€â”€â”€â”€â”€â”€â”€â”€â”€â”€â”€â”€â”€â”€â”€â”€â”€â”€â”€â”€â”€â”€â”€â”€â”€â”€â”€â”€â”€â”€â”€â”€â”€â”€â”€â”€â”€â”€ nDuplicated_vs_pT (TProfile) â”€â”€â”€â”€â”€â”€â”€â”€â”€â”€â”€â”€â”€â”€â”€â”€â”€â”€â”€â”€â”€â”€â”€â”€â”€â”€â”€â”€â”€â”€â”€â”€â”€â”€â”€â”€â”€â”€â”€â”€â”€â”€â”€â”€â”€â”€â”€â”€â”€â”€â”€â”€â”€â”€â”€â”€â”€â”€â”€
âœ… Chi2Test 1.0 > 0.01
âœ… KolmogorovTest 1.0 > 0.68
âœ… RatioCheck (a/b - 1) / sigma(a/b) > 3 for 0/4 bins, cf. 2.0
âœ… ResidualCheck pull < 1 in 40/40 bins, cf. 6.324555320336759
âœ… IntegralTest Intregal: 10.851299761676445+-0.03115642082191491 vs. 10.851299761676445+-0.03115642082191491: (int_a - int_b) / 
sqrt(sigma(int_a)^2 + sigma(int_b)^2) = 0.00 < 3
â”€â”€â”€â”€â”€â”€â”€â”€â”€â”€â”€â”€â”€â”€â”€â”€â”€â”€â”€â”€â”€â”€â”€â”€â”€â”€â”€â”€â”€â”€â”€â”€â”€â”€â”€â”€â”€â”€â”€â”€â”€â”€â”€â”€â”€â”€â”€â”€â”€â”€â”€â”€â”€â”€â”€â”€â”€â”€ nDuplicated_vs_phi (TProfile) â”€â”€â”€â”€â”€â”€â”€â”€â”€â”€â”€â”€â”€â”€â”€â”€â”€â”€â”€â”€â”€â”€â”€â”€â”€â”€â”€â”€â”€â”€â”€â”€â”€â”€â”€â”€â”€â”€â”€â”€â”€â”€â”€â”€â”€â”€â”€â”€â”€â”€â”€â”€â”€â”€â”€â”€â”€â”€
âœ… Chi2Test 1.0 > 0.01
âœ… KolmogorovTest 1.0 > 0.68
âœ… RatioCheck (a/b - 1) / sigma(a/b) > 3 for 0/100 bins, cf. 10.0
âœ… ResidualCheck pull < 1 in 100/100 bins, cf. 10.0
âœ… IntegralTest Intregal: 271.97709886286015+-0.6541289612560222 vs. 271.97709886286015+-0.6541289612560222: (int_a - int_b) / sqrt(sigma(int_a)^2 
+ sigma(int_b)^2) = 0.00 < 3
â”€â”€â”€â”€â”€â”€â”€â”€â”€â”€â”€â”€â”€â”€â”€â”€â”€â”€â”€â”€â”€â”€â”€â”€â”€â”€â”€â”€â”€â”€â”€â”€â”€â”€â”€â”€â”€â”€â”€â”€â”€â”€â”€â”€â”€â”€â”€â”€â”€â”€â”€â”€â”€â”€â”€â”€â”€â”€â”€â”€ nFakeTracks_vs_eta (TH2F) â”€â”€â”€â”€â”€â”€â”€â”€â”€â”€â”€â”€â”€â”€â”€â”€â”€â”€â”€â”€â”€â”€â”€â”€â”€â”€â”€â”€â”€â”€â”€â”€â”€â”€â”€â”€â”€â”€â”€â”€â”€â”€â”€â”€â”€â”€â”€â”€â”€â”€â”€â”€â”€â”€â”€â”€â”€â”€â”€â”€
âœ… Chi2Test pX 1.0 > 0.01
ðŸŸ¡ Chi2Test pY
âœ… KolmogorovTest pX 1.0 > 0.68
âœ… KolmogorovTest pY 1.0 > 0.68
âœ… RatioCheck pX (a/b - 1) / sigma(a/b) > 3 for 0/20 bins, cf. 4.47213595499958
âœ… RatioCheck pY (a/b - 1) / sigma(a/b) > 3 for 0/1 bins, cf. 1.0
âœ… ResidualCheck pX pull < 1 in 40/40 bins, cf. 6.324555320336759
âœ… ResidualCheck pY pull < 1 in 30/30 bins, cf. 5.477225575051661
âœ… IntegralTest pX Intregal: 79683.0+-282.28177411940715 vs. 79683.0+-282.28177411940715: (int_a - int_b) / sqrt(sigma(int_a)^2 + sigma(int_b)^2) =
0.00 < 3
âœ… IntegralTest pY Intregal: 79683.0+-282.28177411940715 vs. 79683.0+-282.28177411940715: (int_a - int_b) / sqrt(sigma(int_a)^2 + sigma(int_b)^2) =
0.00 < 3
â”€â”€â”€â”€â”€â”€â”€â”€â”€â”€â”€â”€â”€â”€â”€â”€â”€â”€â”€â”€â”€â”€â”€â”€â”€â”€â”€â”€â”€â”€â”€â”€â”€â”€â”€â”€â”€â”€â”€â”€â”€â”€â”€â”€â”€â”€â”€â”€â”€â”€â”€â”€â”€â”€â”€â”€â”€â”€â”€â”€ nFakeTracks_vs_pT (TH2F) â”€â”€â”€â”€â”€â”€â”€â”€â”€â”€â”€â”€â”€â”€â”€â”€â”€â”€â”€â”€â”€â”€â”€â”€â”€â”€â”€â”€â”€â”€â”€â”€â”€â”€â”€â”€â”€â”€â”€â”€â”€â”€â”€â”€â”€â”€â”€â”€â”€â”€â”€â”€â”€â”€â”€â”€â”€â”€â”€â”€â”€
âœ… Chi2Test pX 1.0 > 0.01
ðŸŸ¡ Chi2Test pY
âœ… KolmogorovTest pX 1.0 > 0.68
âœ… KolmogorovTest pY 1.0 > 0.68
âœ… RatioCheck pX (a/b - 1) / sigma(a/b) > 3 for 0/4 bins, cf. 2.0
âœ… RatioCheck pY (a/b - 1) / sigma(a/b) > 3 for 0/1 bins, cf. 1.0
âœ… ResidualCheck pX pull < 1 in 40/40 bins, cf. 6.324555320336759
âœ… ResidualCheck pY pull < 1 in 30/30 bins, cf. 5.477225575051661
âœ… IntegralTest pX Intregal: 79683.0+-282.28177411940715 vs. 79683.0+-282.28177411940715: (int_a - int_b) / sqrt(sigma(int_a)^2 + sigma(int_b)^2) =
0.00 < 3
âœ… IntegralTest pY Intregal: 79683.0+-282.28177411940715 vs. 79683.0+-282.28177411940715: (int_a - int_b) / sqrt(sigma(int_a)^2 + sigma(int_b)^2) =
0.00 < 3
â”€â”€â”€â”€â”€â”€â”€â”€â”€â”€â”€â”€â”€â”€â”€â”€â”€â”€â”€â”€â”€â”€â”€â”€â”€â”€â”€â”€â”€â”€â”€â”€â”€â”€â”€â”€â”€â”€â”€â”€â”€â”€â”€â”€â”€â”€â”€â”€â”€â”€â”€â”€â”€â”€â”€â”€â”€â”€â”€â”€ nHoles_vs_eta (TProfile) â”€â”€â”€â”€â”€â”€â”€â”€â”€â”€â”€â”€â”€â”€â”€â”€â”€â”€â”€â”€â”€â”€â”€â”€â”€â”€â”€â”€â”€â”€â”€â”€â”€â”€â”€â”€â”€â”€â”€â”€â”€â”€â”€â”€â”€â”€â”€â”€â”€â”€â”€â”€â”€â”€â”€â”€â”€â”€â”€â”€â”€
ðŸŸ¡ Chi2Test
ðŸ”´ KolmogorovTest ! 0.0007871091401546528 > 0.68
ðŸ”´ RatioCheck (a/b - 1) / sigma(a/b) > 3 for 20/20 bins, cf. 4.47213595499958
ðŸ”´ ResidualCheck pull > 1 in 20/40 bins, cf. 6.324555320336759
ðŸ”´ IntegralTest Intregal: 0.3554393448464666+-0.007885098423841766 vs. 206.87594624744816+-0.04844978842392996: (int_a - int_b) / 
sqrt(sigma(int_a)^2 + sigma(int_b)^2) = 4207.21 >= 3
â”€â”€â”€â”€â”€â”€â”€â”€â”€â”€â”€â”€â”€â”€â”€â”€â”€â”€â”€â”€â”€â”€â”€â”€â”€â”€â”€â”€â”€â”€â”€â”€â”€â”€â”€â”€â”€â”€â”€â”€â”€â”€â”€â”€â”€â”€â”€â”€â”€â”€â”€â”€â”€â”€â”€â”€â”€â”€â”€â”€â”€ nHoles_vs_pT (TProfile) â”€â”€â”€â”€â”€â”€â”€â”€â”€â”€â”€â”€â”€â”€â”€â”€â”€â”€â”€â”€â”€â”€â”€â”€â”€â”€â”€â”€â”€â”€â”€â”€â”€â”€â”€â”€â”€â”€â”€â”€â”€â”€â”€â”€â”€â”€â”€â”€â”€â”€â”€â”€â”€â”€â”€â”€â”€â”€â”€â”€â”€
ðŸŸ¡ Chi2Test
ðŸ”´ KolmogorovTest ! 0.43368306162666226 > 0.68
ðŸ”´ RatioCheck (a/b - 1) / sigma(a/b) > 3 for 6/6 bins, cf. 2.449489742783178
ðŸ”´ ResidualCheck pull > 1 in 20/40 bins, cf. 6.324555320336759
ðŸ”´ IntegralTest Intregal: 0.5774262235915608+-0.3536504269799031 vs. 176.74621567249142+-7.697400996734046: (int_a - int_b) / sqrt(sigma(int_a)^2 +
sigma(int_b)^2) = 22.86 >= 3
â”€â”€â”€â”€â”€â”€â”€â”€â”€â”€â”€â”€â”€â”€â”€â”€â”€â”€â”€â”€â”€â”€â”€â”€â”€â”€â”€â”€â”€â”€â”€â”€â”€â”€â”€â”€â”€â”€â”€â”€â”€â”€â”€â”€â”€â”€â”€â”€â”€â”€â”€â”€â”€â”€â”€â”€â”€ nMeasurements_vs_eta (TProfile) â”€â”€â”€â”€â”€â”€â”€â”€â”€â”€â”€â”€â”€â”€â”€â”€â”€â”€â”€â”€â”€â”€â”€â”€â”€â”€â”€â”€â”€â”€â”€â”€â”€â”€â”€â”€â”€â”€â”€â”€â”€â”€â”€â”€â”€â”€â”€â”€â”€â”€â”€â”€â”€â”€â”€â”€â”€
âœ… Chi2Test 1.0 > 0.01
âœ… KolmogorovTest 1.0 > 0.68
âœ… RatioCheck (a/b - 1) / sigma(a/b) > 3 for 0/20 bins, cf. 4.47213595499958
âœ… ResidualCheck pull < 1 in 40/40 bins, cf. 6.324555320336759
âœ… IntegralTest Intregal: 232.2787219792595+-0.08474681479846635 vs. 232.2787219792595+-0.08474681479846635: (int_a - int_b) / sqrt(sigma(int_a)^2 
+ sigma(int_b)^2) = 0.00 < 3
â”€â”€â”€â”€â”€â”€â”€â”€â”€â”€â”€â”€â”€â”€â”€â”€â”€â”€â”€â”€â”€â”€â”€â”€â”€â”€â”€â”€â”€â”€â”€â”€â”€â”€â”€â”€â”€â”€â”€â”€â”€â”€â”€â”€â”€â”€â”€â”€â”€â”€â”€â”€â”€â”€â”€â”€â”€ nMeasurements_vs_pT (TProfile) â”€â”€â”€â”€â”€â”€â”€â”€â”€â”€â”€â”€â”€â”€â”€â”€â”€â”€â”€â”€â”€â”€â”€â”€â”€â”€â”€â”€â”€â”€â”€â”€â”€â”€â”€â”€â”€â”€â”€â”€â”€â”€â”€â”€â”€â”€â”€â”€â”€â”€â”€â”€â”€â”€â”€â”€â”€â”€
âœ… Chi2Test 1.0 > 0.01
âœ… KolmogorovTest 1.0 > 0.68
âœ… RatioCheck (a/b - 1) / sigma(a/b) > 3 for 0/20 bins, cf. 4.47213595499958
âœ… ResidualCheck pull < 1 in 40/40 bins, cf. 6.324555320336759
âœ… IntegralTest Intregal: 304.7489093057472+-6.600243880107274 vs. 304.7489093057472+-6.600243880107274: (int_a - int_b) / sqrt(sigma(int_a)^2 + 
sigma(int_b)^2) = 0.00 < 3
â”€â”€â”€â”€â”€â”€â”€â”€â”€â”€â”€â”€â”€â”€â”€â”€â”€â”€â”€â”€â”€â”€â”€â”€â”€â”€â”€â”€â”€â”€â”€â”€â”€â”€â”€â”€â”€â”€â”€â”€â”€â”€â”€â”€â”€â”€â”€â”€â”€â”€â”€â”€â”€â”€â”€â”€â”€â”€â”€ nOutliers_vs_eta (TProfile) â”€â”€â”€â”€â”€â”€â”€â”€â”€â”€â”€â”€â”€â”€â”€â”€â”€â”€â”€â”€â”€â”€â”€â”€â”€â”€â”€â”€â”€â”€â”€â”€â”€â”€â”€â”€â”€â”€â”€â”€â”€â”€â”€â”€â”€â”€â”€â”€â”€â”€â”€â”€â”€â”€â”€â”€â”€â”€â”€
ðŸŸ¡ Chi2Test
âœ… KolmogorovTest 1.0 > 0.68
âœ… RatioCheck (a/b - 1) / sigma(a/b) > 3 for 0/20 bins, cf. 4.47213595499958
âœ… ResidualCheck pull < 1 in 40/40 bins, cf. 6.324555320336759
âœ… IntegralTest Intregal: 0.08019829863796357+-0.0031542020844913306 vs. 0.08019829863796357+-0.0031542020844913306: (int_a - int_b) / 
sqrt(sigma(int_a)^2 + sigma(int_b)^2) = 0.00 < 3
â”€â”€â”€â”€â”€â”€â”€â”€â”€â”€â”€â”€â”€â”€â”€â”€â”€â”€â”€â”€â”€â”€â”€â”€â”€â”€â”€â”€â”€â”€â”€â”€â”€â”€â”€â”€â”€â”€â”€â”€â”€â”€â”€â”€â”€â”€â”€â”€â”€â”€â”€â”€â”€â”€â”€â”€â”€â”€â”€ nOutliers_vs_pT (TProfile) â”€â”€â”€â”€â”€â”€â”€â”€â”€â”€â”€â”€â”€â”€â”€â”€â”€â”€â”€â”€â”€â”€â”€â”€â”€â”€â”€â”€â”€â”€â”€â”€â”€â”€â”€â”€â”€â”€â”€â”€â”€â”€â”€â”€â”€â”€â”€â”€â”€â”€â”€â”€â”€â”€â”€â”€â”€â”€â”€â”€
ðŸŸ¡ Chi2Test
âœ… KolmogorovTest 1.0 > 0.68
âœ… RatioCheck (a/b - 1) / sigma(a/b) > 3 for 0/7 bins, cf. 2.6457513110645907
âœ… ResidualCheck pull < 1 in 40/40 bins, cf. 6.324555320336759
âœ… IntegralTest Intregal: 0.150190736022491+-0.06016127659358099 vs. 0.150190736022491+-0.06016127659358099: (int_a - int_b) / sqrt(sigma(int_a)^2 
+ sigma(int_b)^2) = 0.00 < 3
â”€â”€â”€â”€â”€â”€â”€â”€â”€â”€â”€â”€â”€â”€â”€â”€â”€â”€â”€â”€â”€â”€â”€â”€â”€â”€â”€â”€â”€â”€â”€â”€â”€â”€â”€â”€â”€â”€â”€â”€â”€â”€â”€â”€â”€â”€â”€â”€â”€â”€â”€â”€â”€â”€â”€â”€â”€â”€â”€â”€ nRecoTracks_vs_eta (TH2F) â”€â”€â”€â”€â”€â”€â”€â”€â”€â”€â”€â”€â”€â”€â”€â”€â”€â”€â”€â”€â”€â”€â”€â”€â”€â”€â”€â”€â”€â”€â”€â”€â”€â”€â”€â”€â”€â”€â”€â”€â”€â”€â”€â”€â”€â”€â”€â”€â”€â”€â”€â”€â”€â”€â”€â”€â”€â”€â”€â”€
âœ… Chi2Test pX 1.0 > 0.01
âœ… Chi2Test pY 1.0 > 0.01
âœ… KolmogorovTest pX 1.0 > 0.68
âœ… KolmogorovTest pY 1.0 > 0.68
âœ… RatioCheck pX (a/b - 1) / sigma(a/b) > 3 for 0/20 bins, cf. 4.47213595499958
âœ… RatioCheck pY (a/b - 1) / sigma(a/b) > 3 for 0/22 bins, cf. 4.69041575982343
âœ… ResidualCheck pX pull < 1 in 40/40 bins, cf. 6.324555320336759
âœ… ResidualCheck pY pull < 1 in 30/30 bins, cf. 5.477225575051661
âœ… IntegralTest pX Intregal: 79683.0+-282.28177411940715 vs. 79683.0+-282.28177411940715: (int_a - int_b) / sqrt(sigma(int_a)^2 + sigma(int_b)^2) =
0.00 < 3
âœ… IntegralTest pY Intregal: 79683.0+-282.28177411940715 vs. 79683.0+-282.28177411940715: (int_a - int_b) / sqrt(sigma(int_a)^2 + sigma(int_b)^2) =
0.00 < 3
â”€â”€â”€â”€â”€â”€â”€â”€â”€â”€â”€â”€â”€â”€â”€â”€â”€â”€â”€â”€â”€â”€â”€â”€â”€â”€â”€â”€â”€â”€â”€â”€â”€â”€â”€â”€â”€â”€â”€â”€â”€â”€â”€â”€â”€â”€â”€â”€â”€â”€â”€â”€â”€â”€â”€â”€â”€â”€â”€â”€ nRecoTracks_vs_pT (TH2F) â”€â”€â”€â”€â”€â”€â”€â”€â”€â”€â”€â”€â”€â”€â”€â”€â”€â”€â”€â”€â”€â”€â”€â”€â”€â”€â”€â”€â”€â”€â”€â”€â”€â”€â”€â”€â”€â”€â”€â”€â”€â”€â”€â”€â”€â”€â”€â”€â”€â”€â”€â”€â”€â”€â”€â”€â”€â”€â”€â”€â”€
âœ… Chi2Test pX 1.0 > 0.01
âœ… Chi2Test pY 1.0 > 0.01
âœ… KolmogorovTest pX 1.0 > 0.68
âœ… KolmogorovTest pY 1.0 > 0.68
âœ… RatioCheck pX (a/b - 1) / sigma(a/b) > 3 for 0/4 bins, cf. 2.0
âœ… RatioCheck pY (a/b - 1) / sigma(a/b) > 3 for 0/22 bins, cf. 4.69041575982343
âœ… ResidualCheck pX pull < 1 in 40/40 bins, cf. 6.324555320336759
âœ… ResidualCheck pY pull < 1 in 30/30 bins, cf. 5.477225575051661
âœ… IntegralTest pX Intregal: 79683.0+-282.28177411940715 vs. 79683.0+-282.28177411940715: (int_a - int_b) / sqrt(sigma(int_a)^2 + sigma(int_b)^2) =
0.00 < 3
âœ… IntegralTest pY Intregal: 79683.0+-282.28177411940715 vs. 79683.0+-282.28177411940715: (int_a - int_b) / sqrt(sigma(int_a)^2 + sigma(int_b)^2) =
0.00 < 3
â”€â”€â”€â”€â”€â”€â”€â”€â”€â”€â”€â”€â”€â”€â”€â”€â”€â”€â”€â”€â”€â”€â”€â”€â”€â”€â”€â”€â”€â”€â”€â”€â”€â”€â”€â”€â”€â”€â”€â”€â”€â”€â”€â”€â”€â”€â”€â”€â”€â”€â”€â”€â”€â”€â”€â”€â”€â”€ nSharedHits_vs_eta (TProfile) â”€â”€â”€â”€â”€â”€â”€â”€â”€â”€â”€â”€â”€â”€â”€â”€â”€â”€â”€â”€â”€â”€â”€â”€â”€â”€â”€â”€â”€â”€â”€â”€â”€â”€â”€â”€â”€â”€â”€â”€â”€â”€â”€â”€â”€â”€â”€â”€â”€â”€â”€â”€â”€â”€â”€â”€â”€â”€
ðŸŸ¡ Chi2Test
ðŸŸ¡ KolmogorovTest
ðŸŸ¡ RatioCheck
âœ… ResidualCheck pull < 1 in 40/40 bins, cf. 6.324555320336759
ðŸŸ¡ IntegralTest
â”€â”€â”€â”€â”€â”€â”€â”€â”€â”€â”€â”€â”€â”€â”€â”€â”€â”€â”€â”€â”€â”€â”€â”€â”€â”€â”€â”€â”€â”€â”€â”€â”€â”€â”€â”€â”€â”€â”€â”€â”€â”€â”€â”€â”€â”€â”€â”€â”€â”€â”€â”€â”€â”€â”€â”€â”€â”€ nSharedHits_vs_pT (TProfile) â”€â”€â”€â”€â”€â”€â”€â”€â”€â”€â”€â”€â”€â”€â”€â”€â”€â”€â”€â”€â”€â”€â”€â”€â”€â”€â”€â”€â”€â”€â”€â”€â”€â”€â”€â”€â”€â”€â”€â”€â”€â”€â”€â”€â”€â”€â”€â”€â”€â”€â”€â”€â”€â”€â”€â”€â”€â”€â”€
ðŸŸ¡ Chi2Test
ðŸŸ¡ KolmogorovTest
ðŸŸ¡ RatioCheck
âœ… ResidualCheck pull < 1 in 40/40 bins, cf. 6.324555320336759
ðŸŸ¡ IntegralTest
â”€â”€â”€â”€â”€â”€â”€â”€â”€â”€â”€â”€â”€â”€â”€â”€â”€â”€â”€â”€â”€â”€â”€â”€â”€â”€â”€â”€â”€â”€â”€â”€â”€â”€â”€â”€â”€â”€â”€â”€â”€â”€â”€â”€â”€â”€â”€â”€â”€â”€â”€â”€â”€â”€â”€â”€â”€â”€â”€â”€ nStates_vs_eta (TProfile) â”€â”€â”€â”€â”€â”€â”€â”€â”€â”€â”€â”€â”€â”€â”€â”€â”€â”€â”€â”€â”€â”€â”€â”€â”€â”€â”€â”€â”€â”€â”€â”€â”€â”€â”€â”€â”€â”€â”€â”€â”€â”€â”€â”€â”€â”€â”€â”€â”€â”€â”€â”€â”€â”€â”€â”€â”€â”€â”€â”€
âœ… Chi2Test 1.0 > 0.01
âœ… KolmogorovTest 1.0 > 0.68
âœ… RatioCheck (a/b - 1) / sigma(a/b) > 3 for 0/20 bins, cf. 4.47213595499958
âœ… ResidualCheck pull < 1 in 40/40 bins, cf. 6.324555320336759
âœ… IntegralTest Intregal: 439.12326130446803+-0.11508984812399417 vs. 439.12326130446803+-0.11508984812399417: (int_a - int_b) / 
sqrt(sigma(int_a)^2 + sigma(int_b)^2) = 0.00 < 3
â”€â”€â”€â”€â”€â”€â”€â”€â”€â”€â”€â”€â”€â”€â”€â”€â”€â”€â”€â”€â”€â”€â”€â”€â”€â”€â”€â”€â”€â”€â”€â”€â”€â”€â”€â”€â”€â”€â”€â”€â”€â”€â”€â”€â”€â”€â”€â”€â”€â”€â”€â”€â”€â”€â”€â”€â”€â”€â”€â”€ nStates_vs_pT (TProfile) â”€â”€â”€â”€â”€â”€â”€â”€â”€â”€â”€â”€â”€â”€â”€â”€â”€â”€â”€â”€â”€â”€â”€â”€â”€â”€â”€â”€â”€â”€â”€â”€â”€â”€â”€â”€â”€â”€â”€â”€â”€â”€â”€â”€â”€â”€â”€â”€â”€â”€â”€â”€â”€â”€â”€â”€â”€â”€â”€â”€â”€
âœ… Chi2Test 1.0 > 0.01
âœ… KolmogorovTest 1.0 > 0.68
âœ… RatioCheck (a/b - 1) / sigma(a/b) > 3 for 0/22 bins, cf. 4.69041575982343
âœ… ResidualCheck pull < 1 in 40/40 bins, cf. 6.324555320336759
âœ… IntegralTest Intregal: 481.58900083218475+-13.870709574039887 vs. 481.58900083218475+-13.870709574039887: (int_a - int_b) / sqrt(sigma(int_a)^2 
+ sigma(int_b)^2) = 0.00 < 3
â”€â”€â”€â”€â”€â”€â”€â”€â”€â”€â”€â”€â”€â”€â”€â”€â”€â”€â”€â”€â”€â”€â”€â”€â”€â”€â”€â”€â”€â”€â”€â”€â”€â”€â”€â”€â”€â”€â”€â”€â”€â”€â”€â”€â”€â”€â”€â”€â”€â”€â”€â”€â”€â”€â”€â”€ nTruthMatchedTracks_vs_eta (TH2F) â”€â”€â”€â”€â”€â”€â”€â”€â”€â”€â”€â”€â”€â”€â”€â”€â”€â”€â”€â”€â”€â”€â”€â”€â”€â”€â”€â”€â”€â”€â”€â”€â”€â”€â”€â”€â”€â”€â”€â”€â”€â”€â”€â”€â”€â”€â”€â”€â”€â”€â”€â”€â”€â”€â”€â”€
âœ… Chi2Test pX 1.0 > 0.01
âœ… Chi2Test pY 1.0 > 0.01
âœ… KolmogorovTest pX 1.0 > 0.68
âœ… KolmogorovTest pY 1.0 > 0.68
âœ… RatioCheck pX (a/b - 1) / sigma(a/b) > 3 for 0/20 bins, cf. 4.47213595499958
âœ… RatioCheck pY (a/b - 1) / sigma(a/b) > 3 for 0/22 bins, cf. 4.69041575982343
âœ… ResidualCheck pX pull < 1 in 40/40 bins, cf. 6.324555320336759
âœ… ResidualCheck pY pull < 1 in 30/30 bins, cf. 5.477225575051661
âœ… IntegralTest pX Intregal: 79683.0+-282.28177411940715 vs. 79683.0+-282.28177411940715: (int_a - int_b) / sqrt(sigma(int_a)^2 + sigma(int_b)^2) =
0.00 < 3
âœ… IntegralTest pY Intregal: 79683.0+-282.28177411940715 vs. 79683.0+-282.28177411940715: (int_a - int_b) / sqrt(sigma(int_a)^2 + sigma(int_b)^2) =
0.00 < 3
â”€â”€â”€â”€â”€â”€â”€â”€â”€â”€â”€â”€â”€â”€â”€â”€â”€â”€â”€â”€â”€â”€â”€â”€â”€â”€â”€â”€â”€â”€â”€â”€â”€â”€â”€â”€â”€â”€â”€â”€â”€â”€â”€â”€â”€â”€â”€â”€â”€â”€â”€â”€â”€â”€â”€â”€ nTruthMatchedTracks_vs_pT (TH2F) â”€â”€â”€â”€â”€â”€â”€â”€â”€â”€â”€â”€â”€â”€â”€â”€â”€â”€â”€â”€â”€â”€â”€â”€â”€â”€â”€â”€â”€â”€â”€â”€â”€â”€â”€â”€â”€â”€â”€â”€â”€â”€â”€â”€â”€â”€â”€â”€â”€â”€â”€â”€â”€â”€â”€â”€â”€
âœ… Chi2Test pX 1.0 > 0.01
âœ… Chi2Test pY 1.0 > 0.01
âœ… KolmogorovTest pX 1.0 > 0.68
âœ… KolmogorovTest pY 1.0 > 0.68
âœ… RatioCheck pX (a/b - 1) / sigma(a/b) > 3 for 0/4 bins, cf. 2.0
âœ… RatioCheck pY (a/b - 1) / sigma(a/b) > 3 for 0/22 bins, cf. 4.69041575982343
âœ… ResidualCheck pX pull < 1 in 40/40 bins, cf. 6.324555320336759
âœ… ResidualCheck pY pull < 1 in 30/30 bins, cf. 5.477225575051661
âœ… IntegralTest pX Intregal: 79683.0+-282.28177411940715 vs. 79683.0+-282.28177411940715: (int_a - int_b) / sqrt(sigma(int_a)^2 + sigma(int_b)^2) =
0.00 < 3
âœ… IntegralTest pY Intregal: 79683.0+-282.28177411940715 vs. 79683.0+-282.28177411940715: (int_a - int_b) / sqrt(sigma(int_a)^2 + sigma(int_b)^2) =
0.00 < 3
â”€â”€â”€â”€â”€â”€â”€â”€â”€â”€â”€â”€â”€â”€â”€â”€â”€â”€â”€â”€â”€â”€â”€â”€â”€â”€â”€â”€â”€â”€â”€â”€â”€â”€â”€â”€â”€â”€â”€â”€â”€â”€â”€â”€â”€â”€â”€â”€â”€â”€â”€â”€â”€â”€â”€â”€â”€â”€ trackeff_vs_eta (TEfficiency) â”€â”€â”€â”€â”€â”€â”€â”€â”€â”€â”€â”€â”€â”€â”€â”€â”€â”€â”€â”€â”€â”€â”€â”€â”€â”€â”€â”€â”€â”€â”€â”€â”€â”€â”€â”€â”€â”€â”€â”€â”€â”€â”€â”€â”€â”€â”€â”€â”€â”€â”€â”€â”€â”€â”€â”€â”€â”€
âœ… Chi2Test 1.0 > 0.01
âœ… KolmogorovTest 1.0 > 0.68
âœ… RatioCheck (a/b - 1) / sigma(a/b) > 3 for 0/20 bins, cf. 4.47213595499958
âœ… ResidualCheck pull < 1 in 40/40 bins, cf. 6.324555320336759
âœ… IntegralTest Intregal: 19.989957536652923+-2.179452293231805 vs. 19.989957536652923+-2.179452293231805: (int_a - int_b) / sqrt(sigma(int_a)^2 + 
sigma(int_b)^2) = 0.00 < 3
â”€â”€â”€â”€â”€â”€â”€â”€â”€â”€â”€â”€â”€â”€â”€â”€â”€â”€â”€â”€â”€â”€â”€â”€â”€â”€â”€â”€â”€â”€â”€â”€â”€â”€â”€â”€â”€â”€â”€â”€â”€â”€â”€â”€â”€â”€â”€â”€â”€â”€â”€â”€â”€â”€â”€â”€â”€â”€ trackeff_vs_pT (TEfficiency) â”€â”€â”€â”€â”€â”€â”€â”€â”€â”€â”€â”€â”€â”€â”€â”€â”€â”€â”€â”€â”€â”€â”€â”€â”€â”€â”€â”€â”€â”€â”€â”€â”€â”€â”€â”€â”€â”€â”€â”€â”€â”€â”€â”€â”€â”€â”€â”€â”€â”€â”€â”€â”€â”€â”€â”€â”€â”€â”€
ðŸŸ¡ Chi2Test
âœ… KolmogorovTest 1.0 > 0.68
âœ… RatioCheck (a/b - 1) / sigma(a/b) > 3 for 0/4 bins, cf. 2.0
âœ… ResidualCheck pull < 1 in 40/40 bins, cf. 6.324555320336759
âœ… IntegralTest Intregal: 3.995615428484281+-2.9580399606534193 vs. 3.995615428484281+-2.9580399606534193: (int_a - int_b) / sqrt(sigma(int_a)^2 + 
sigma(int_b)^2) = 0.00 < 3
â”€â”€â”€â”€â”€â”€â”€â”€â”€â”€â”€â”€â”€â”€â”€â”€â”€â”€â”€â”€â”€â”€â”€â”€â”€â”€â”€â”€â”€â”€â”€â”€â”€â”€â”€â”€â”€â”€â”€â”€â”€â”€â”€â”€â”€â”€â”€â”€â”€â”€â”€â”€â”€â”€â”€â”€â”€â”€ trackeff_vs_phi (TEfficiency) â”€â”€â”€â”€â”€â”€â”€â”€â”€â”€â”€â”€â”€â”€â”€â”€â”€â”€â”€â”€â”€â”€â”€â”€â”€â”€â”€â”€â”€â”€â”€â”€â”€â”€â”€â”€â”€â”€â”€â”€â”€â”€â”€â”€â”€â”€â”€â”€â”€â”€â”€â”€â”€â”€â”€â”€â”€â”€
âœ… Chi2Test 1.0 > 0.01
âœ… KolmogorovTest 1.0 > 0.68
âœ… RatioCheck (a/b - 1) / sigma(a/b) > 3 for 0/100 bins, cf. 10.0
âœ… ResidualCheck pull < 1 in 100/100 bins, cf. 10.0
âœ… IntegralTest Intregal: 98.92470793292954+-0.016590116945826922 vs. 98.92470793292954+-0.016590116945826922: (int_a - int_b) / 
sqrt(sigma(int_a)^2 + sigma(int_b)^2) = 0.00 < 3
Comparing... â”â”â”â”â”â”â”â”â”â”â”â”â”â”â”â”â”â”â”â”â”â”â”â”â”â”â”â”â”â”â”â”â”â”â”â”â”â”â”â” 100% 0:00:00
â•­â”€â”€â”€â”€â”€â”€â”€â”€â”€â”€â”€â”€â”€â”€â”€â”€â”€â”€â”€â”€â”€â”€â”€â”€â”€â”€â”€â”€â”€â”€â”€â”€â”€â”€â”€â”€â”€â”€â”€â”€â”€â”€â”€â”€â”€â”€â”€â”€â”€â”€â”€â”€â”€â”€â”€â”€â”€â”€â”€â”€â”€â”€â”€â”€â”€â”€â”€â”€â”€â”€â”€â”€â”€â”€â”€â”€â”€â”€â”€â”€â”€â”€â”€â”€â”€â”€â”€â”€â”€â”€â”€â”€â”€â”€â”€â”€â”€â”€â”€â”€â”€â”€â”€â”€â”€â”€â”€â”€â”€â”€â”€â”€â”€â”€â”€â”€â”€â”€â”€â”€â”€â”€â”€â”€â”€â”€â”€â”€â”€â”€â”€â”€â”€â”€â”€â”€â”€â”€â”€â”€â”€â”€â”€â”€â”€â•®
â”‚                                                                   ðŸ”´ FAILURE                                                                    â”‚
â”‚                                                  2 items failed checks out of 28 common items                                                   â”‚
â•°â”€â”€â”€â”€â”€â”€â”€â”€â”€â”€â”€â”€â”€â”€â”€â”€â”€â”€â”€â”€â”€â”€â”€â”€â”€â”€â”€â”€â”€â”€â”€â”€â”€â”€â”€â”€â”€â”€â”€â”€â”€â”€â”€â”€â”€â”€â”€â”€â”€â”€â”€â”€â”€â”€â”€â”€â”€â”€â”€â”€â”€â”€â”€â”€â”€â”€â”€â”€â”€â”€â”€â”€â”€â”€â”€â”€â”€â”€â”€â”€â”€â”€â”€â”€â”€â”€â”€â”€â”€â”€â”€â”€â”€â”€â”€â”€â”€â”€â”€â”€â”€â”€â”€â”€â”€â”€â”€â”€â”€â”€â”€â”€â”€â”€â”€â”€â”€â”€â”€â”€â”€â”€â”€â”€â”€â”€â”€â”€â”€â”€â”€â”€â”€â”€â”€â”€â”€â”€â”€â”€â”€â”€â”€â”€â”€â•¯
